1ajj.pqr
MIBPB output: 
 eps0,eps1,h:   1.0000000000000000        80.000000000000000        1.0000000000000000     
 The total number of atoms is:         493
 Command: ./MS_Intersection  1234.xyzr 1.40 1.00 4.00
grid dimension: 31 36 37
initializing the grid...
initializing the surface...
classifying the grid points...
compute intersections...

No missing cases!

surface area: 2067.56
surface volume: 4730.5
output info into the files...
clean the memory...
running time: 3.78 seconds...
Solvent exclusion surface generated OK.

 The total number of grids in the Cartesian mesh is:
       41292
 The number of grids along each side is:
          31          36          37
 The total number of the intersection is:
        3038
 The total number of irregular grid points is:
        3325
 x, y, z left:  -4.9699999799999999       -10.482999800000000       -14.997200400000001     
 Temp1, 2, 3   3545.3091628585280        1195.3590064728378        752.54598951972639     
 The sum of sa for phi0 is   147094.29347116183     
 The sum of ijka for phi0 is -1464910248
 The sum of bphi0 is:   28428.240643454486     
 The max for bphi0 on the boundary is:   0.0000000000000000     
 The DSLUGM solver is employed
 Boundary value problem solver cost:  9.33339999999999725E-002
 The maximum of phi0 is:  0.96080534116021910     
 Temporary sum of phi0 is:   2644.5559626889467     
 The temporary sum of phi0e is:   4506.2100801490842     
 The ratio between phi0e and phi0 is:   1.7039571647284160     
 The ratio between io and ioe is:   1.7493500866551126     
 The number of neighbor 2 fic val need to find for phi0 is         231
 The number of neighbor 2 fic val can be replaced for phi0 is       55161
 The number of neighbor 3 fic val need to find for phi0 is         287
 The number of neighbor 3 fic val can be replaced for phi0 is       36641
 Temporary sum of RHS is   24.071154882825073     
 The temporary sum of RHS before finding fic values is:  -24.071154882825073     
 Patched used!
 The temporary sum of RHS after finding fic values is:  -24.071154882825073     
 Set equation is OK now!
 The sum of sa is:   29312517.626513105     
 The sum of u is:   194.50127257047171     
 The total for the PBE computation is:   1.8466650000000000     
 The number of neighbor 2 fic val need to find is        1096
 The number of neighbor 2 fic val can be replaced us       54296
 Need three points extrapolation for neighbor 3 points!
 The number of neighbor 3 fic val need to find is         493
 The number of neighbor 3 fic val can be replaced us       36435
 The sum of reaction field potential is:   4696.7976800163942     
 Electrostatics solvation engergy=:  -998.48159411930681     


Surface output: 
grid dimension: 25 30 31
initializing the grid...
initializing the surface...
classifying the grid points...
compute intersections...

No missing cases!

surface area: 2067.56
surface volume: 4730.5
output info into the files...
clean the memory...
running time: 3.36 seconds...
