1a24.pqr
MIBPB output: 
 eps0,eps1,h:   1.0000000000000000        80.000000000000000        1.0000000000000000     
 The total number of atoms is:        1272
 Command: ./MS_Intersection  1234.xyzr 1.40 1.00 4.00
grid dimension: 43 41 46
initializing the grid...
initializing the surface...
classifying the grid points...
compute intersections...

No missing cases!

surface area: 4639.43
surface volume: 10781
output info into the files...
clean the memory...
running time: 10.34 seconds...
Solvent exclusion surface generated OK.

 The total number of grids in the Cartesian mesh is:
       81098
 The number of grids along each side is:
          43          41          46
 The total number of the intersection is:
        6800
 The total number of irregular grid points is:
        7338
 x, y, z left:  -20.430000000000000       -20.922000000000001       -23.150998999999999     
 Temp1, 2, 3   2015.7358863319901        525.71493713815516        1271.8775748179839     
 The sum of sa for phi0 is   297968.12880327192     
 The sum of ijka for phi0 is -1218486342
 The sum of bphi0 is:   55209.901172390506     
 The max for bphi0 on the boundary is:   0.0000000000000000     
 The DSLUGM solver is employed
 Boundary value problem solver cost:  0.20999999999999996     
 The maximum of phi0 is:   1.0866168610404077     
 Temporary sum of phi0 is:   6141.1870697229378     
 The temporary sum of phi0e is:   10261.901493264133     
 The ratio between phi0e and phi0 is:   1.6709964013076553     
 The ratio between io and ioe is:   1.6664161578205730     
 The number of neighbor 2 fic val need to find for phi0 is         488
 The number of neighbor 2 fic val can be replaced for phi0 is      127252
 Need three points extrapolation for neighbor 3 points!
 The number of neighbor 3 fic val need to find for phi0 is         492
 The number of neighbor 3 fic val can be replaced for phi0 is       84668
 Temporary sum of RHS is   45.251130834079717     
 The temporary sum of RHS before finding fic values is:  -45.251130834079717     
 Patched used!
 searchauxi4 --> auxiliary point outside comput domain
 sub          15          24          23
 searchauxi4 --> auxiliary point outside comput domain
 searchauxi4 --> auxiliary point outside comput domain
 sub used           1           1           1           1
 sub used           1           0           0           0
 sub          29          26          30
 sub          29          26          29
 sub used           1           0           0           1
 The temporary sum of RHS after finding fic values is:  -45.251130834079717     
 Set equation is OK now!
 The sum of sa is:   58631331.434202276     
 The sum of u is:   445.54788824050377     
 The total for the PBE computation is:   6.4066650000000003     
          29          26          29          29          26          30
          10           1          -1
 Neighbor 1 grids at this grid does not have value yet!
 Need some other schemes to get the fic val at this point!
 Extrapolation or neighbor combination scheme employed!
 Extrapolation scheme is OK!
 The number of neighbor 2 fic val need to find is        2226
 The number of neighbor 2 fic val can be replaced us      125514
 Need three points extrapolation for neighbor 3 points!
 Need three points extrapolation for neighbor 3 points!
 Need three points extrapolation for neighbor 3 points!
 Need three points extrapolation for neighbor 3 points!
 The number of neighbor 3 fic val need to find is         947
 The number of neighbor 3 fic val can be replaced us       84213
          15          24          22          15          24          23
         -10          -1           1
 Neighbor 1 grids at this grid does not have value yet!
 Need some other schemes to get the fic val at this point!
          15          24          24          15          24          23
         -10          -1           1
 Neighbor 1 grids at this grid does not have value yet!
 Need some other schemes to get the fic val at this point!
          16          23          22          16          23          23
         -10          -1           1
 Neighbor 1 grids at this grid does not have value yet!
 Need some other schemes to get the fic val at this point!
          16          23          24          16          23          23
         -10          -1           1
 Neighbor 1 grids at this grid does not have value yet!
 Need some other schemes to get the fic val at this point!
          16          24          23          16          23          23
         -10          -1           1
 Neighbor 1 grids at this grid does not have value yet!
 Need some other schemes to get the fic val at this point!
          16          24          23          17          24          23
         -10          -1           1
 Neighbor 1 grids at this grid does not have value yet!
 Need some other schemes to get the fic val at this point!
          16          24          23          15          24          23
         -10          -1           1
 Neighbor 1 grids at this grid does not have value yet!
 Need some other schemes to get the fic val at this point!
          16          25          24          17          25          24
         -10          -1           1
 Neighbor 1 grids at this grid does not have value yet!
 Need some other schemes to get the fic val at this point!
          17          24          22          17          24          23
         -10          -1           1
 Neighbor 1 grids at this grid does not have value yet!
 Need some other schemes to get the fic val at this point!
          17          24          24          17          24          23
         -10          -1           1
 Neighbor 1 grids at this grid does not have value yet!
 Need some other schemes to get the fic val at this point!
          17          24          24          17          25          24
         -10          -1           1
 Neighbor 1 grids at this grid does not have value yet!
 Need some other schemes to get the fic val at this point!
          17          25          25          17          25          24
         -10          -1           1
 Neighbor 1 grids at this grid does not have value yet!
 Need some other schemes to get the fic val at this point!
          18          24          23          17          24          23
         -10          -1           1
 Neighbor 1 grids at this grid does not have value yet!
 Need some other schemes to get the fic val at this point!
          28          26          29          29          26          29
         -10          -1           1
 Neighbor 1 grids at this grid does not have value yet!
 Need some other schemes to get the fic val at this point!
          29          26          30          29          26          29
         -10          -1           1
 Neighbor 1 grids at this grid does not have value yet!
 Need some other schemes to get the fic val at this point!
 Extrapolation or neighbor combination scheme employed!
 Extrapolation scheme is OK!
 Extrapolation or neighbor combination scheme employed!
 Extrapolation scheme is OK!
 Extrapolation or neighbor combination scheme employed!
 Extrapolation scheme is OK!
 Extrapolation or neighbor combination scheme employed!
 Extrapolation scheme is OK!
 Extrapolation or neighbor combination scheme employed!
 Extrapolation scheme is OK!
 The sum of reaction field potential is:   10670.123534397484     
 Electrostatics solvation engergy=:  -1838.6558260336924     


Surface output: 
grid dimension: 74 70 79
initializing the grid...
initializing the surface...
classifying the grid points...
compute intersections...

No missing cases!

surface area: 4669.52
surface volume: 10679.2
output info into the files...
clean the memory...
running time: 26.09 seconds...
