MIBPB output: 
 eps0,eps1,h:   1.0000000000000000        80.000000000000000        1.0000000000000000     
 The total number of atoms is:           0
 Command: ./MS_Intersection  1234.xyzr 1.40 1.00 4.00
grid dimension: 9 9 9
initializing the grid...
initializing the surface...
classifying the grid points...
compute intersections...

No missing cases!

surface area: 0
surface volume: 0
output info into the files...
clean the memory...
running time: 0.007961 seconds...
Solvent exclusion surface generated OK.

 The total number of grids in the Cartesian mesh is:
         729
 The number of grids along each side is:
           9           9           9
 The total number of the intersection is:
           0
 The total number of irregular grid points is:
           0
 x, y, z left:  -4.0000000000000000       -4.0000000000000000       -4.0000000000000000     
 Temp1, 2, 3   0.0000000000000000        0.0000000000000000        0.0000000000000000     
 The sum of sa for phi0 is   729.00000000000000     
 The sum of ijka for phi0 is      533630
 The sum of bphi0 is:   0.0000000000000000     
 The max for bphi0 on the boundary is:   0.0000000000000000     
 The DSLUGM solver is employed
 Linear solver fails, error code:           2
 Boundary value problem solver cost:   7.9700000000000083E-004
 The maximum of phi0 is:   0.0000000000000000     
 Temporary sum of phi0 is:   0.0000000000000000     
 The temporary sum of phi0e is:   0.0000000000000000     
 The ratio between phi0e and phi0 is:                       NaN
 The ratio between io and ioe is:                       NaN
 The number of neighbor 2 fic val need to find for phi0 is           0
 The number of neighbor 2 fic val can be replaced for phi0 is           0
 The number of neighbor 3 fic val need to find for phi0 is           0
 The number of neighbor 3 fic val can be replaced for phi0 is           0
 Temporary sum of RHS is   0.0000000000000000     
 The temporary sum of RHS before finding fic values is:   0.0000000000000000     
 The temporary sum of RHS after finding fic values is:   0.0000000000000000     
 Set equation is OK now!
 The sum of sa is:   329666.00000000000     
 The sum of u is:                       NaN
 The total for the PBE computation is:   1.2336000000000000E-002
 The number of neighbor 2 fic val need to find is           0
 The number of neighbor 2 fic val can be replaced us           0
 The number of neighbor 3 fic val need to find is           0
 The number of neighbor 3 fic val can be replaced us           0
 The sum of reaction field potential is:   0.0000000000000000     
 Electrostatics solvation engergy=:   0.0000000000000000     


Surface output: 
grid dimension: 3 3 3
initializing the grid...
initializing the surface...
classifying the grid points...
compute intersections...

No missing cases!

surface area: 0
surface volume: 0
output info into the files...
clean the memory...
running time: 0.001289 seconds...
