MIBPB output: 
 eps0,eps1,h:   20.000000000000000        80.000000000000000        1.5000000000000000     
 The total number of atoms is:         493
 Command: ./MS_Intersection  1234.xyzr 1.40 1.50 4.00
grid dimension: 21 24 25
initializing the grid...
initializing the surface...
classifying the grid points...
compute intersections...

No missing cases!

surface area: 2031.31
surface volume: 4870.12
output info into the files...
clean the memory...
running time: 2.34096 seconds...
Solvent exclusion surface generated OK.

 The total number of grids in the Cartesian mesh is:
       12600
 The number of grids along each side is:
          21          24          25
 The total number of the intersection is:
        1328
 The total number of irregular grid points is:
        1414
 x, y, z left:  -4.9699999699999999       -10.482999800000000       -14.997200490000001     
 Temp1, 2, 3   122.90249236926624        64.935705114902490        122.90249236926624     
 The sum of sa for phi0 is   39933.911302808396     
 The sum of ijka for phi0 is   258597722
 The sum of bphi0 is:   569.23901861606680     
 The max for bphi0 on the boundary is:   0.0000000000000000     
 The DSLUGM solver is employed
 Boundary value problem solver cost:   1.7794000000000004E-002
 The maximum of phi0 is:   4.6065374124598948E-002
 Temporary sum of phi0 is:   39.287771221640547     
 The temporary sum of phi0e is:   79.562257408281994     
 The ratio between phi0e and phi0 is:   2.0251150659434045     
 The ratio between io and ioe is:   2.0816921954777534     
 The number of neighbor 2 fic val need to find for phi0 is         158
 The number of neighbor 2 fic val can be replaced for phi0 is       16294
 Need three points extrapolation for neighbor 3 points!
 The number of neighbor 3 fic val need to find for phi0 is         155
 The number of neighbor 3 fic val can be replaced for phi0 is       10813
 Temporary sum of RHS is   10.642147862121952     
 The temporary sum of RHS before finding fic values is:  -10.642147862121952     
 Patched used!
 sub used           1           0           0           0
 The temporary sum of RHS after finding fic values is:  -10.642147862121952     
 Set equation is OK now!
 The sum of sa is:   3822272.8886171649     
 The sum of u is:   52.431113092946468     
 The total for the PBE computation is:  0.49983000000000000     
 The number of neighbor 2 fic val need to find is         523
 The number of neighbor 2 fic val can be replaced us       15929
 Need three points extrapolation for neighbor 3 points!
 Need three points extrapolation for neighbor 3 points!
 The number of neighbor 3 fic val need to find is         239
 The number of neighbor 3 fic val can be replaced us       10729
           7          12           8           7          12           9
         -10          -1           1
 Neighbor 1 grids at this grid does not have value yet!
 Need some other schemes to get the fic val at this point!
           7          13           9           7          12           9
         -10          -1           1
 Neighbor 1 grids at this grid does not have value yet!
 Need some other schemes to get the fic val at this point!
 Extrapolation or neighbor combination scheme employed!
 Extrapolation scheme is OK!
 The sum of reaction field potential is:   72.409222200324606     
 Strange atom location here!          34
 Strange atom location here!         248
 Electrostatics solvation engergy=:  -44.361411530757557     


Surface output: 
grid dimension: 25 30 31
initializing the grid...
initializing the surface...
classifying the grid points...
compute intersections...

No missing cases!

surface area: 2067.56
surface volume: 4730.5
output info into the files...
clean the memory...
running time: 3.07191 seconds...
